<?xml version="1.0" encoding="UTF-8"?>
<!-- Generated by org.testng.reporters.JUnitReportReporter -->
<testsuite hostname="MEL-LT01266" name="wealthsenseSiteTest.RegisterNowPageTest" tests="1" failures="0" timestamp="19 May 2016 03:43:15 GMT" time="2.698" errors="0">
  <testcase name="regNowPageTest" time="2.698" classname="wealthsenseSiteTest.RegisterNowPageTest"/>
</testsuite> <!-- wealthsenseSiteTest.RegisterNowPageTest -->
