<?xml version="1.0" encoding="UTF-8"?>
<!-- Generated by org.testng.reporters.JUnitReportReporter -->
<testsuite hostname="MEL-LT01266" name="wealthsenseSiteTest.PublicDisclaimerTest" tests="1" failures="0" timestamp="18 May 2016 08:34:34 GMT" time="0.218" errors="0">
  <testcase name="f" time="0.218" classname="wealthsenseSiteTest.PublicDisclaimerTest"/>
</testsuite> <!-- wealthsenseSiteTest.PublicDisclaimerTest -->
