<?xml version="1.0" encoding="UTF-8"?>
<!-- Generated by org.testng.reporters.JUnitReportReporter -->
<testsuite hostname="MEL-LT01266" name="PublicPageTest.PublicPrivacyTest" tests="1" failures="0" timestamp="5 May 2016 04:12:28 GMT" time="0.280" errors="0">
  <testcase name="publicPagePrivacyTest" time="0.280" classname="PublicPageTest.PublicPrivacyTest"/>
</testsuite> <!-- PublicPageTest.PublicPrivacyTest -->
