<?xml version="1.0" encoding="UTF-8"?>
<!-- Generated by org.testng.reporters.JUnitReportReporter -->
<testsuite hostname="MEL-LT01266" name="wealthsenseSiteTest.PrivateSiteTest" tests="1" failures="0" timestamp="19 May 2016 06:37:03 GMT" time="1.043" errors="0">
  <testcase name="privateSiteTest" time="1.043" classname="wealthsenseSiteTest.PrivateSiteTest"/>
</testsuite> <!-- wealthsenseSiteTest.PrivateSiteTest -->
