<?xml version="1.0" encoding="UTF-8"?>
<!-- Generated by org.testng.reporters.JUnitReportReporter -->
<testsuite hostname="MEL-LT01266" name="PublicPageTest.RegisterNowPageTest" tests="1" failures="0" timestamp="16 May 2016 08:11:36 GMT" time="3.084" errors="0">
  <testcase name="RegisterNowPageTest" time="3.084" classname="PublicPageTest.RegisterNowPageTest"/>
</testsuite> <!-- PublicPageTest.RegisterNowPageTest -->
