<?xml version="1.0" encoding="UTF-8"?>
<!-- Generated by org.testng.reporters.JUnitReportReporter -->
<testsuite hostname="MEL-LT01266" name="wealthsenseSiteTest.PublicPrivacyTest" tests="1" failures="0" timestamp="19 May 2016 03:44:20 GMT" time="0.214" errors="0">
  <testcase name="publicPagePrivacyTest" time="0.214" classname="wealthsenseSiteTest.PublicPrivacyTest"/>
</testsuite> <!-- wealthsenseSiteTest.PublicPrivacyTest -->
