<?xml version="1.0" encoding="UTF-8"?>
<!-- Generated by org.testng.reporters.JUnitReportReporter -->
<testsuite hostname="MEL-LT01266" name="wealthsenseSiteTest.LoginPageTest" tests="1" failures="0" timestamp="19 May 2016 06:17:33 GMT" time="2.101" errors="0">
  <testcase name="loginPageTest" time="2.101" classname="wealthsenseSiteTest.LoginPageTest"/>
</testsuite> <!-- wealthsenseSiteTest.LoginPageTest -->
