<?xml version="1.0" encoding="UTF-8"?>
<!-- Generated by org.testng.reporters.JUnitReportReporter -->
<testsuite hostname="MEL-LT01266" name="wealthsenseSiteTest.PublicSiteTest" tests="1" failures="0" timestamp="19 May 2016 05:54:52 GMT" time="1.319" errors="0">
  <testcase name="HeaderpublicPageTest" time="1.319" classname="wealthsenseSiteTest.PublicSiteTest"/>
</testsuite> <!-- wealthsenseSiteTest.PublicSiteTest -->
