<?xml version="1.0" encoding="UTF-8"?>
<!-- Generated by org.testng.reporters.JUnitReportReporter -->
<testsuite hostname="MEL-LT01266" name="PublicPageTest.LoginPageTest" tests="1" failures="0" timestamp="16 May 2016 07:16:13 GMT" time="2.175" errors="0">
  <testcase name="loginPageTest" time="2.175" classname="PublicPageTest.LoginPageTest"/>
</testsuite> <!-- PublicPageTest.LoginPageTest -->
